2022-11-14 08:13:45.145 [info] Validating found git in: git
2022-11-14 08:13:45.145 [info] Using git 2.17.1 from git
2022-11-14 08:13:45.145 [info] > git rev-parse --show-toplevel [3ms]
2022-11-14 08:13:45.145 [info] > git rev-parse --git-dir --git-common-dir [17ms]
2022-11-14 08:13:45.145 [info] Log level: Info
2022-11-14 08:13:45.145 [info] Open repository: /opt/ml
2022-11-14 08:13:45.145 [info] > git rev-parse --show-toplevel [7ms]
2022-11-14 08:13:45.145 [info] > git remote --verbose [27ms]
2022-11-14 08:13:45.145 [info] > git for-each-ref --sort -committerdate --format %(refname) %(objectname) %(*objectname) [33ms]
2022-11-14 08:13:45.145 [info] > git rev-parse --show-toplevel [3ms]
2022-11-14 08:13:45.145 [info] > git config --get commit.template [17ms]
2022-11-14 08:13:45.145 [info] > git status -z -uall [33ms]
2022-11-14 08:13:45.145 [info] > git rev-parse --show-toplevel [4ms]
2022-11-14 08:13:45.145 [info] > git for-each-ref --format=%(refname)%00%(upstream:short)%00%(objectname)%00%(upstream:track)%00%(upstream:remotename)%00%(upstream:remoteref) refs/heads/main refs/remotes/main [22ms]
2022-11-14 08:13:45.145 [info] > git rev-parse --show-toplevel [96ms]
2022-11-14 08:13:45.145 [info] > git status -z -uall [321ms]
2022-11-14 08:13:45.145 [info] > git rev-parse --show-toplevel [314ms]
2022-11-14 08:13:45.145 [info] > git remote --verbose [333ms]
2022-11-14 08:13:45.145 [info] > git for-each-ref --sort -committerdate --format %(refname) %(objectname) %(*objectname) [338ms]
2022-11-14 08:13:45.145 [info] > git rev-parse --show-toplevel [5ms]
2022-11-14 08:13:45.145 [info] > git config --get commit.template [25ms]
2022-11-14 08:13:45.145 [info] > git rev-parse --show-toplevel [13ms]
2022-11-14 08:13:45.145 [info] > git for-each-ref --format=%(refname)%00%(upstream:short)%00%(objectname)%00%(upstream:track)%00%(upstream:remotename)%00%(upstream:remoteref) refs/heads/main refs/remotes/main [2ms]
2022-11-14 08:13:45.151 [info] > git show --textconv :nohup.out [14ms]
2022-11-14 08:13:45.151 [info] > git ls-files --stage -- /opt/ml/nohup.out [7ms]
2022-11-14 08:13:45.203 [info] > git check-ignore -v -z --stdin [2ms]
2022-11-14 08:13:47.701 [info] > git remote --verbose [14ms]
2022-11-14 08:13:47.702 [info] > git for-each-ref --sort -committerdate --format %(refname) %(objectname) %(*objectname) [22ms]
2022-11-14 08:13:47.703 [info] > git config --get commit.template [3ms]
2022-11-14 08:13:47.713 [info] > git for-each-ref --format=%(refname)%00%(upstream:short)%00%(objectname)%00%(upstream:track)%00%(upstream:remotename)%00%(upstream:remoteref) refs/heads/main refs/remotes/main [2ms]
2022-11-14 08:13:47.722 [info] > git status -z -uall [29ms]
2022-11-14 08:14:05.103 [info] > git remote --verbose [17ms]
2022-11-14 08:14:05.104 [info] > git for-each-ref --sort -committerdate --format %(refname) %(objectname) %(*objectname) [26ms]
2022-11-14 08:14:05.104 [info] > git config --get commit.template [2ms]
2022-11-14 08:14:05.114 [info] > git for-each-ref --format=%(refname)%00%(upstream:short)%00%(objectname)%00%(upstream:track)%00%(upstream:remotename)%00%(upstream:remoteref) refs/heads/main refs/remotes/main [1ms]
2022-11-14 08:14:05.124 [info] > git status -z -uall [31ms]
2022-11-14 08:14:10.187 [info] > git remote --verbose [17ms]
2022-11-14 08:14:10.188 [info] > git for-each-ref --sort -committerdate --format %(refname) %(objectname) %(*objectname) [27ms]
2022-11-14 08:14:10.189 [info] > git config --get commit.template [2ms]
2022-11-14 08:14:10.199 [info] > git for-each-ref --format=%(refname)%00%(upstream:short)%00%(objectname)%00%(upstream:track)%00%(upstream:remotename)%00%(upstream:remoteref) refs/heads/main refs/remotes/main [2ms]
2022-11-14 08:14:10.207 [info] > git status -z -uall [29ms]
2022-11-14 08:14:15.262 [info] > git remote --verbose [13ms]
2022-11-14 08:14:15.262 [info] > git for-each-ref --sort -committerdate --format %(refname) %(objectname) %(*objectname) [22ms]
2022-11-14 08:14:15.263 [info] > git config --get commit.template [3ms]
2022-11-14 08:14:15.270 [info] > git for-each-ref --format=%(refname)%00%(upstream:short)%00%(objectname)%00%(upstream:track)%00%(upstream:remotename)%00%(upstream:remoteref) refs/heads/main refs/remotes/main [1ms]
2022-11-14 08:14:15.283 [info] > git status -z -uall [30ms]
2022-11-14 08:14:20.342 [info] > git remote --verbose [20ms]
2022-11-14 08:14:20.342 [info] > git for-each-ref --sort -committerdate --format %(refname) %(objectname) %(*objectname) [30ms]
2022-11-14 08:14:20.343 [info] > git config --get commit.template [3ms]
2022-11-14 08:14:20.353 [info] > git for-each-ref --format=%(refname)%00%(upstream:short)%00%(objectname)%00%(upstream:track)%00%(upstream:remotename)%00%(upstream:remoteref) refs/heads/main refs/remotes/main [1ms]
2022-11-14 08:14:20.366 [info] > git status -z -uall [35ms]
2022-11-14 08:14:20.429 [info] > git ls-files --stage -- /opt/ml/nohup.out [2ms]
2022-11-14 08:14:20.438 [info] > git cat-file -s 81f116f77f0ee46fba0bedec741c146e718412a3 [1ms]
2022-11-14 08:14:20.455 [info] > git show --textconv :nohup.out [1ms]
2022-11-14 08:14:25.424 [info] > git remote --verbose [13ms]
2022-11-14 08:14:25.424 [info] > git for-each-ref --sort -committerdate --format %(refname) %(objectname) %(*objectname) [21ms]
2022-11-14 08:14:25.425 [info] > git config --get commit.template [2ms]
2022-11-14 08:14:25.433 [info] > git for-each-ref --format=%(refname)%00%(upstream:short)%00%(objectname)%00%(upstream:track)%00%(upstream:remotename)%00%(upstream:remoteref) refs/heads/main refs/remotes/main [1ms]
2022-11-14 08:14:25.454 [info] > git status -z -uall [37ms]
2022-11-14 08:14:30.513 [info] > git remote --verbose [15ms]
2022-11-14 08:14:30.513 [info] > git for-each-ref --sort -committerdate --format %(refname) %(objectname) %(*objectname) [26ms]
2022-11-14 08:14:30.514 [info] > git config --get commit.template [3ms]
2022-11-14 08:14:30.523 [info] > git for-each-ref --format=%(refname)%00%(upstream:short)%00%(objectname)%00%(upstream:track)%00%(upstream:remotename)%00%(upstream:remoteref) refs/heads/main refs/remotes/main [1ms]
2022-11-14 08:14:30.539 [info] > git status -z -uall [35ms]
2022-11-14 08:14:35.595 [info] > git remote --verbose [11ms]
2022-11-14 08:14:35.596 [info] > git for-each-ref --sort -committerdate --format %(refname) %(objectname) %(*objectname) [17ms]
2022-11-14 08:14:35.597 [info] > git config --get commit.template [3ms]
2022-11-14 08:14:35.603 [info] > git for-each-ref --format=%(refname)%00%(upstream:short)%00%(objectname)%00%(upstream:track)%00%(upstream:remotename)%00%(upstream:remoteref) refs/heads/main refs/remotes/main [1ms]
2022-11-14 08:14:35.627 [info] > git status -z -uall [38ms]
2022-11-14 08:14:37.964 [info] > git ls-files --stage -- /opt/ml/nohup.out [2ms]
2022-11-14 08:14:37.973 [info] > git cat-file -s 81f116f77f0ee46fba0bedec741c146e718412a3 [1ms]
2022-11-14 08:14:37.988 [info] > git show --textconv :nohup.out [1ms]
2022-11-14 08:14:40.674 [info] > git remote --verbose [9ms]
2022-11-14 08:14:40.674 [info] > git for-each-ref --sort -committerdate --format %(refname) %(objectname) %(*objectname) [16ms]
2022-11-14 08:14:40.675 [info] > git config --get commit.template [2ms]
2022-11-14 08:14:40.682 [info] > git for-each-ref --format=%(refname)%00%(upstream:short)%00%(objectname)%00%(upstream:track)%00%(upstream:remotename)%00%(upstream:remoteref) refs/heads/main refs/remotes/main [1ms]
2022-11-14 08:14:40.707 [info] > git status -z -uall [39ms]
2022-11-14 08:14:45.776 [info] > git remote --verbose [16ms]
2022-11-14 08:14:45.776 [info] > git for-each-ref --sort -committerdate --format %(refname) %(objectname) %(*objectname) [25ms]
2022-11-14 08:14:45.778 [info] > git config --get commit.template [4ms]
2022-11-14 08:14:45.787 [info] > git for-each-ref --format=%(refname)%00%(upstream:short)%00%(objectname)%00%(upstream:track)%00%(upstream:remotename)%00%(upstream:remoteref) refs/heads/main refs/remotes/main [1ms]
2022-11-14 08:14:45.808 [info] > git status -z -uall [40ms]
2022-11-14 08:14:50.875 [info] > git remote --verbose [17ms]
2022-11-14 08:14:50.877 [info] > git for-each-ref --sort -committerdate --format %(refname) %(objectname) %(*objectname) [27ms]
2022-11-14 08:14:50.879 [info] > git config --get commit.template [7ms]
2022-11-14 08:14:50.887 [info] > git for-each-ref --format=%(refname)%00%(upstream:short)%00%(objectname)%00%(upstream:track)%00%(upstream:remotename)%00%(upstream:remoteref) refs/heads/main refs/remotes/main [1ms]
2022-11-14 08:14:50.904 [info] > git status -z -uall [40ms]
2022-11-14 08:14:55.957 [info] > git remote --verbose [16ms]
2022-11-14 08:14:55.959 [info] > git for-each-ref --sort -committerdate --format %(refname) %(objectname) %(*objectname) [25ms]
2022-11-14 08:14:55.960 [info] > git config --get commit.template [4ms]
2022-11-14 08:14:55.970 [info] > git for-each-ref --format=%(refname)%00%(upstream:short)%00%(objectname)%00%(upstream:track)%00%(upstream:remotename)%00%(upstream:remoteref) refs/heads/main refs/remotes/main [1ms]
2022-11-14 08:14:55.996 [info] > git status -z -uall [47ms]
2022-11-14 08:15:01.050 [info] > git remote --verbose [15ms]
2022-11-14 08:15:01.051 [info] > git for-each-ref --sort -committerdate --format %(refname) %(objectname) %(*objectname) [24ms]
2022-11-14 08:15:01.052 [info] > git config --get commit.template [4ms]
2022-11-14 08:15:01.062 [info] > git for-each-ref --format=%(refname)%00%(upstream:short)%00%(objectname)%00%(upstream:track)%00%(upstream:remotename)%00%(upstream:remoteref) refs/heads/main refs/remotes/main [1ms]
2022-11-14 08:15:01.076 [info] > git status -z -uall [35ms]
2022-11-14 08:15:06.130 [info] > git remote --verbose [16ms]
2022-11-14 08:15:06.148 [info] > git for-each-ref --sort -committerdate --format %(refname) %(objectname) %(*objectname) [41ms]
2022-11-14 08:15:06.161 [info] > git config --get commit.template [33ms]
2022-11-14 08:15:06.172 [info] > git status -z -uall [52ms]
2022-11-14 08:15:06.180 [info] > git for-each-ref --format=%(refname)%00%(upstream:short)%00%(objectname)%00%(upstream:track)%00%(upstream:remotename)%00%(upstream:remoteref) refs/heads/main refs/remotes/main [7ms]
2022-11-14 08:15:11.229 [info] > git remote --verbose [14ms]
2022-11-14 08:15:11.229 [info] > git for-each-ref --sort -committerdate --format %(refname) %(objectname) %(*objectname) [22ms]
2022-11-14 08:15:11.230 [info] > git config --get commit.template [3ms]
2022-11-14 08:15:11.240 [info] > git for-each-ref --format=%(refname)%00%(upstream:short)%00%(objectname)%00%(upstream:track)%00%(upstream:remotename)%00%(upstream:remoteref) refs/heads/main refs/remotes/main [1ms]
2022-11-14 08:15:11.259 [info] > git status -z -uall [39ms]
2022-11-14 08:15:16.315 [info] > git remote --verbose [14ms]
2022-11-14 08:15:16.315 [info] > git for-each-ref --sort -committerdate --format %(refname) %(objectname) %(*objectname) [22ms]
2022-11-14 08:15:16.317 [info] > git config --get commit.template [2ms]
2022-11-14 08:15:16.328 [info] > git for-each-ref --format=%(refname)%00%(upstream:short)%00%(objectname)%00%(upstream:track)%00%(upstream:remotename)%00%(upstream:remoteref) refs/heads/main refs/remotes/main [1ms]
2022-11-14 08:15:16.358 [info] > git status -z -uall [52ms]
2022-11-14 08:15:52.179 [info] > git remote --verbose [12ms]
2022-11-14 08:15:52.180 [info] > git for-each-ref --sort -committerdate --format %(refname) %(objectname) %(*objectname) [19ms]
2022-11-14 08:15:52.180 [info] > git config --get commit.template [2ms]
2022-11-14 08:15:52.189 [info] > git for-each-ref --format=%(refname)%00%(upstream:short)%00%(objectname)%00%(upstream:track)%00%(upstream:remotename)%00%(upstream:remoteref) refs/heads/main refs/remotes/main [2ms]
2022-11-14 08:15:52.214 [info] > git status -z -uall [42ms]
