2022-11-14 08:13:43.574 [info] Extension host with pid 1652 started
2022-11-14 08:13:43.593 [info] Lock '/opt/ml/.vscode-server/data/User/workspaceStorage/d41782df9d061af16721e03391fada4e/vscode.lock': Lock acquired.
2022-11-14 08:13:43.684 [info] ExtensionService#_doActivateExtension vscode.git-base, startup: true, activationEvent: '*', root cause: vscode.git
2022-11-14 08:13:43.705 [error] No bundle location found for extension vscode.git-base
2022-11-14 08:13:43.870 [info] ExtensionService#_doActivateExtension vscode.git, startup: true, activationEvent: '*'
2022-11-14 08:13:43.870 [info] ExtensionService#_doActivateExtension vscode.github, startup: true, activationEvent: '*'
2022-11-14 08:13:43.897 [error] No bundle location found for extension vscode.git
2022-11-14 08:13:44.081 [error] No bundle location found for extension vscode.github
2022-11-14 08:13:44.095 [info] ExtensionService#_doActivateExtension vscode.debug-auto-launch, startup: false, activationEvent: 'onStartupFinished'
2022-11-14 08:13:44.096 [info] ExtensionService#_doActivateExtension vscode.emmet, startup: false, activationEvent: 'onStartupFinished'
2022-11-14 08:13:44.096 [info] ExtensionService#_doActivateExtension vscode.merge-conflict, startup: false, activationEvent: 'onStartupFinished'
2022-11-14 08:13:44.096 [info] Eager extensions activated
2022-11-14 08:13:44.233 [warning] [Decorations] CAPPING events from decorations provider vscode.git 2073
2022-11-14 08:13:44.637 [warning] [Decorations] CAPPING events from decorations provider vscode.git 2073
2022-11-14 08:13:44.697 [error] No bundle location found for extension vscode.debug-auto-launch
2022-11-14 08:13:44.697 [error] No bundle location found for extension vscode.emmet
2022-11-14 08:13:44.697 [error] No bundle location found for extension vscode.merge-conflict
2022-11-14 08:13:47.740 [warning] [Decorations] CAPPING events from decorations provider vscode.git 2074
2022-11-14 08:14:05.141 [warning] [Decorations] CAPPING events from decorations provider vscode.git 2074
2022-11-14 08:14:10.225 [warning] [Decorations] CAPPING events from decorations provider vscode.git 2074
2022-11-14 08:14:15.298 [warning] [Decorations] CAPPING events from decorations provider vscode.git 2074
2022-11-14 08:14:20.388 [warning] [Decorations] CAPPING events from decorations provider vscode.git 2074
2022-11-14 08:14:25.471 [warning] [Decorations] CAPPING events from decorations provider vscode.git 2074
2022-11-14 08:14:30.567 [warning] [Decorations] CAPPING events from decorations provider vscode.git 2074
2022-11-14 08:14:35.644 [warning] [Decorations] CAPPING events from decorations provider vscode.git 2074
2022-11-14 08:14:40.737 [warning] [Decorations] CAPPING events from decorations provider vscode.git 2074
2022-11-14 08:14:45.836 [warning] [Decorations] CAPPING events from decorations provider vscode.git 2074
2022-11-14 08:14:50.919 [warning] [Decorations] CAPPING events from decorations provider vscode.git 2074
2022-11-14 08:14:56.013 [warning] [Decorations] CAPPING events from decorations provider vscode.git 2074
2022-11-14 08:15:01.093 [warning] [Decorations] CAPPING events from decorations provider vscode.git 2074
2022-11-14 08:15:06.191 [warning] [Decorations] CAPPING events from decorations provider vscode.git 2074
2022-11-14 08:15:11.277 [warning] [Decorations] CAPPING events from decorations provider vscode.git 2074
2022-11-14 08:15:16.378 [warning] [Decorations] CAPPING events from decorations provider vscode.git 2074
2022-11-14 08:15:52.236 [warning] [Decorations] CAPPING events from decorations provider vscode.git 2074
