2022-11-14 08:06:49.762 [info] Validating found git in: git
2022-11-14 08:06:49.762 [info] Using git 2.17.1 from git
2022-11-14 08:06:49.762 [info] > git rev-parse --show-toplevel [18ms]
2022-11-14 08:06:49.762 [info] fatal: not a git repository (or any of the parent directories): .git
2022-11-14 08:06:49.763 [info] > git rev-parse --show-toplevel [2ms]
2022-11-14 08:06:49.763 [info] fatal: not a git repository (or any of the parent directories): .git
2022-11-14 08:06:49.763 [info] > git rev-parse --show-toplevel [1ms]
2022-11-14 08:06:49.763 [info] fatal: not a git repository (or any of the parent directories): .git
2022-11-14 08:06:49.763 [info] > git rev-parse --show-toplevel [1ms]
2022-11-14 08:06:49.763 [info] fatal: not a git repository (or any of the parent directories): .git
2022-11-14 08:06:49.763 [info] > git rev-parse --show-toplevel [2ms]
2022-11-14 08:06:49.763 [info] fatal: not a git repository (or any of the parent directories): .git
2022-11-14 08:06:49.763 [info] > git rev-parse --show-toplevel [1ms]
2022-11-14 08:06:49.763 [info] fatal: not a git repository (or any of the parent directories): .git
2022-11-14 08:06:49.763 [info] > git rev-parse --show-toplevel [1ms]
2022-11-14 08:06:49.763 [info] fatal: not a git repository (or any of the parent directories): .git
2022-11-14 08:06:49.763 [info] > git rev-parse --show-toplevel [0ms]
2022-11-14 08:06:49.763 [info] fatal: not a git repository (or any of the parent directories): .git
2022-11-14 08:06:49.763 [info] > git rev-parse --show-toplevel [1ms]
2022-11-14 08:06:49.763 [info] fatal: not a git repository (or any of the parent directories): .git
2022-11-14 08:06:49.763 [info] > git rev-parse --show-toplevel [1ms]
2022-11-14 08:06:49.763 [info] fatal: not a git repository (or any of the parent directories): .git
2022-11-14 08:06:49.763 [info] > git rev-parse --show-toplevel [1ms]
2022-11-14 08:06:49.763 [info] fatal: not a git repository (or any of the parent directories): .git
2022-11-14 08:09:01.331 [info] > git rev-parse --show-toplevel [1ms]
2022-11-14 08:09:01.338 [info] > git rev-parse --git-dir --git-common-dir [1ms]
2022-11-14 08:09:01.350 [info] Log level: Info
2022-11-14 08:09:01.350 [info] Open repository: /opt/ml
2022-11-14 08:09:01.374 [info] > git remote --verbose [13ms]
2022-11-14 08:09:01.374 [info] > git for-each-ref --sort -committerdate --format %(refname) %(objectname) %(*objectname) [19ms]
2022-11-14 08:09:01.376 [info] > git config --get commit.template [2ms]
2022-11-14 08:09:01.382 [info] > git for-each-ref --format=%(refname)%00%(upstream:short)%00%(objectname)%00%(upstream:track)%00%(upstream:remotename)%00%(upstream:remoteref) refs/heads/master refs/remotes/master [2ms]
2022-11-14 08:09:01.399 [info] > git status -z -uall [33ms]
2022-11-14 08:09:01.750 [info] > git status -z -uall [272ms]
2022-11-14 08:09:01.751 [info] > git remote --verbose [278ms]
2022-11-14 08:09:01.751 [info] > git for-each-ref --sort -committerdate --format %(refname) %(objectname) %(*objectname) [284ms]
2022-11-14 08:09:01.756 [info] > git config --get commit.template [11ms]
2022-11-14 08:09:01.794 [info] > git for-each-ref --format=%(refname)%00%(upstream:short)%00%(objectname)%00%(upstream:track)%00%(upstream:remotename)%00%(upstream:remoteref) refs/heads/master refs/remotes/master [2ms]
2022-11-14 08:09:01.876 [info] > git show --textconv :nohup.out [8ms]
2022-11-14 08:09:01.877 [info] > git ls-files --stage -- /opt/ml/nohup.out [2ms]
2022-11-14 08:09:02.193 [info] > git check-ignore -v -z --stdin [296ms]
2022-11-14 08:09:06.285 [info] > git remote --verbose [14ms]
2022-11-14 08:09:06.285 [info] > git for-each-ref --sort -committerdate --format %(refname) %(objectname) %(*objectname) [21ms]
2022-11-14 08:09:06.287 [info] > git config --get commit.template [3ms]
2022-11-14 08:09:06.295 [info] > git for-each-ref --format=%(refname)%00%(upstream:short)%00%(objectname)%00%(upstream:track)%00%(upstream:remotename)%00%(upstream:remoteref) refs/heads/master refs/remotes/master [1ms]
2022-11-14 08:09:06.306 [info] > git status -z -uall [29ms]
2022-11-14 08:09:11.352 [info] > git remote --verbose [10ms]
2022-11-14 08:09:11.353 [info] > git for-each-ref --sort -committerdate --format %(refname) %(objectname) %(*objectname) [17ms]
2022-11-14 08:09:11.354 [info] > git config --get commit.template [3ms]
2022-11-14 08:09:11.360 [info] > git for-each-ref --format=%(refname)%00%(upstream:short)%00%(objectname)%00%(upstream:track)%00%(upstream:remotename)%00%(upstream:remoteref) refs/heads/master refs/remotes/master [1ms]
2022-11-14 08:09:11.374 [info] > git status -z -uall [28ms]
2022-11-14 08:09:19.840 [info] > git remote --verbose [14ms]
2022-11-14 08:09:19.841 [info] > git for-each-ref --sort -committerdate --format %(refname) %(objectname) %(*objectname) [22ms]
2022-11-14 08:09:19.842 [info] > git config --get commit.template [2ms]
2022-11-14 08:09:19.849 [info] > git for-each-ref --format=%(refname)%00%(upstream:short)%00%(objectname)%00%(upstream:track)%00%(upstream:remotename)%00%(upstream:remoteref) refs/heads/master refs/remotes/master [1ms]
2022-11-14 08:09:19.860 [info] > git status -z -uall [28ms]
2022-11-14 08:09:21.923 [info] > git ls-files --stage -- /opt/ml/nohup.out [1ms]
2022-11-14 08:09:21.942 [info] > git show --textconv :nohup.out [1ms]
2022-11-14 08:09:24.914 [info] > git remote --verbose [15ms]
2022-11-14 08:09:24.915 [info] > git for-each-ref --sort -committerdate --format %(refname) %(objectname) %(*objectname) [23ms]
2022-11-14 08:09:24.916 [info] > git config --get commit.template [3ms]
2022-11-14 08:09:24.925 [info] > git for-each-ref --format=%(refname)%00%(upstream:short)%00%(objectname)%00%(upstream:track)%00%(upstream:remotename)%00%(upstream:remoteref) refs/heads/master refs/remotes/master [1ms]
2022-11-14 08:09:24.933 [info] > git status -z -uall [28ms]
2022-11-14 08:09:29.986 [info] > git remote --verbose [14ms]
2022-11-14 08:09:29.986 [info] > git for-each-ref --sort -committerdate --format %(refname) %(objectname) %(*objectname) [22ms]
2022-11-14 08:09:29.987 [info] > git config --get commit.template [2ms]
2022-11-14 08:09:30.010 [info] > git status -z -uall [32ms]
2022-11-14 08:09:30.011 [info] > git for-each-ref --format=%(refname)%00%(upstream:short)%00%(objectname)%00%(upstream:track)%00%(upstream:remotename)%00%(upstream:remoteref) refs/heads/master refs/remotes/master [3ms]
2022-11-14 08:09:35.068 [info] > git remote --verbose [13ms]
2022-11-14 08:09:35.069 [info] > git for-each-ref --sort -committerdate --format %(refname) %(objectname) %(*objectname) [22ms]
2022-11-14 08:09:35.070 [info] > git config --get commit.template [2ms]
2022-11-14 08:09:35.078 [info] > git for-each-ref --format=%(refname)%00%(upstream:short)%00%(objectname)%00%(upstream:track)%00%(upstream:remotename)%00%(upstream:remoteref) refs/heads/master refs/remotes/master [1ms]
2022-11-14 08:09:35.089 [info] > git status -z -uall [27ms]
2022-11-14 08:09:41.808 [info] > git remote --verbose [15ms]
2022-11-14 08:09:41.809 [info] > git for-each-ref --sort -committerdate --format %(refname) %(objectname) %(*objectname) [23ms]
2022-11-14 08:09:41.810 [info] > git config --get commit.template [3ms]
2022-11-14 08:09:41.816 [info] > git for-each-ref --format=%(refname)%00%(upstream:short)%00%(objectname)%00%(upstream:track)%00%(upstream:remotename)%00%(upstream:remoteref) refs/heads/master refs/remotes/master [1ms]
2022-11-14 08:09:41.831 [info] > git status -z -uall [32ms]
2022-11-14 08:09:44.521 [info] > git check-ignore -v -z --stdin [2ms]
2022-11-14 08:09:44.912 [info] > git ls-files --stage -- /opt/ml/nohup.out [2ms]
2022-11-14 08:09:44.928 [info] > git show --textconv :nohup.out [1ms]
2022-11-14 08:09:46.890 [info] > git remote --verbose [15ms]
2022-11-14 08:09:46.890 [info] > git for-each-ref --sort -committerdate --format %(refname) %(objectname) %(*objectname) [23ms]
2022-11-14 08:09:46.891 [info] > git config --get commit.template [2ms]
2022-11-14 08:09:46.899 [info] > git for-each-ref --format=%(refname)%00%(upstream:short)%00%(objectname)%00%(upstream:track)%00%(upstream:remotename)%00%(upstream:remoteref) refs/heads/master refs/remotes/master [1ms]
2022-11-14 08:09:46.909 [info] > git status -z -uall [28ms]
2022-11-14 08:09:51.967 [info] > git remote --verbose [11ms]
2022-11-14 08:09:51.968 [info] > git for-each-ref --sort -committerdate --format %(refname) %(objectname) %(*objectname) [19ms]
2022-11-14 08:09:51.969 [info] > git config --get commit.template [3ms]
2022-11-14 08:09:51.975 [info] > git for-each-ref --format=%(refname)%00%(upstream:short)%00%(objectname)%00%(upstream:track)%00%(upstream:remotename)%00%(upstream:remoteref) refs/heads/master refs/remotes/master [1ms]
2022-11-14 08:09:51.987 [info] > git status -z -uall [27ms]
2022-11-14 08:09:57.034 [info] > git remote --verbose [10ms]
2022-11-14 08:09:57.036 [info] > git for-each-ref --sort -committerdate --format %(refname) %(objectname) %(*objectname) [16ms]
2022-11-14 08:09:57.036 [info] > git config --get commit.template [3ms]
2022-11-14 08:09:57.042 [info] > git for-each-ref --format=%(refname)%00%(upstream:short)%00%(objectname)%00%(upstream:track)%00%(upstream:remotename)%00%(upstream:remoteref) refs/heads/master refs/remotes/master [1ms]
2022-11-14 08:09:57.055 [info] > git status -z -uall [27ms]
2022-11-14 08:10:02.109 [info] > git remote --verbose [16ms]
2022-11-14 08:10:02.110 [info] > git for-each-ref --sort -committerdate --format %(refname) %(objectname) %(*objectname) [25ms]
2022-11-14 08:10:02.111 [info] > git config --get commit.template [3ms]
2022-11-14 08:10:02.119 [info] > git for-each-ref --format=%(refname)%00%(upstream:short)%00%(objectname)%00%(upstream:track)%00%(upstream:remotename)%00%(upstream:remoteref) refs/heads/master refs/remotes/master [1ms]
2022-11-14 08:10:02.127 [info] > git status -z -uall [27ms]
2022-11-14 08:10:07.181 [info] > git remote --verbose [14ms]
2022-11-14 08:10:07.182 [info] > git for-each-ref --sort -committerdate --format %(refname) %(objectname) %(*objectname) [22ms]
2022-11-14 08:10:07.183 [info] > git config --get commit.template [2ms]
2022-11-14 08:10:07.191 [info] > git for-each-ref --format=%(refname)%00%(upstream:short)%00%(objectname)%00%(upstream:track)%00%(upstream:remotename)%00%(upstream:remoteref) refs/heads/master refs/remotes/master [1ms]
2022-11-14 08:10:07.200 [info] > git status -z -uall [27ms]
2022-11-14 08:10:12.245 [info] > git remote --verbose [11ms]
2022-11-14 08:10:12.246 [info] > git for-each-ref --sort -committerdate --format %(refname) %(objectname) %(*objectname) [18ms]
2022-11-14 08:10:12.247 [info] > git config --get commit.template [3ms]
2022-11-14 08:10:12.256 [info] > git for-each-ref --format=%(refname)%00%(upstream:short)%00%(objectname)%00%(upstream:track)%00%(upstream:remotename)%00%(upstream:remoteref) refs/heads/master refs/remotes/master [1ms]
2022-11-14 08:10:12.265 [info] > git status -z -uall [27ms]
2022-11-14 08:10:17.667 [info] > git remote --verbose [14ms]
2022-11-14 08:10:17.667 [info] > git for-each-ref --sort -committerdate --format %(refname) %(objectname) %(*objectname) [20ms]
2022-11-14 08:10:17.668 [info] > git config --get commit.template [3ms]
2022-11-14 08:10:17.676 [info] > git for-each-ref --format=%(refname)%00%(upstream:short)%00%(objectname)%00%(upstream:track)%00%(upstream:remotename)%00%(upstream:remoteref) refs/heads/master refs/remotes/master [1ms]
2022-11-14 08:10:17.686 [info] > git status -z -uall [28ms]
2022-11-14 08:10:18.701 [info] > git check-ignore -v -z --stdin [21ms]
2022-11-14 08:10:22.737 [info] > git remote --verbose [15ms]
2022-11-14 08:10:22.737 [info] > git for-each-ref --sort -committerdate --format %(refname) %(objectname) %(*objectname) [23ms]
2022-11-14 08:10:22.738 [info] > git config --get commit.template [2ms]
2022-11-14 08:10:22.747 [info] > git for-each-ref --format=%(refname)%00%(upstream:short)%00%(objectname)%00%(upstream:track)%00%(upstream:remotename)%00%(upstream:remoteref) refs/heads/master refs/remotes/master [0ms]
2022-11-14 08:10:22.756 [info] > git status -z -uall [28ms]
2022-11-14 08:10:27.809 [info] > git remote --verbose [15ms]
2022-11-14 08:10:27.810 [info] > git for-each-ref --sort -committerdate --format %(refname) %(objectname) %(*objectname) [24ms]
2022-11-14 08:10:27.811 [info] > git config --get commit.template [4ms]
2022-11-14 08:10:27.820 [info] > git for-each-ref --format=%(refname)%00%(upstream:short)%00%(objectname)%00%(upstream:track)%00%(upstream:remotename)%00%(upstream:remoteref) refs/heads/master refs/remotes/master [1ms]
2022-11-14 08:10:27.827 [info] > git status -z -uall [28ms]
2022-11-14 08:10:32.880 [info] > git remote --verbose [17ms]
2022-11-14 08:10:32.881 [info] > git for-each-ref --sort -committerdate --format %(refname) %(objectname) %(*objectname) [26ms]
2022-11-14 08:10:32.882 [info] > git config --get commit.template [4ms]
2022-11-14 08:10:32.922 [info] > git status -z -uall [52ms]
2022-11-14 08:10:32.922 [info] > git for-each-ref --format=%(refname)%00%(upstream:short)%00%(objectname)%00%(upstream:track)%00%(upstream:remotename)%00%(upstream:remoteref) refs/heads/master refs/remotes/master [12ms]
2022-11-14 08:10:37.976 [info] > git remote --verbose [16ms]
2022-11-14 08:10:37.978 [info] > git for-each-ref --sort -committerdate --format %(refname) %(objectname) %(*objectname) [25ms]
2022-11-14 08:10:37.978 [info] > git config --get commit.template [3ms]
2022-11-14 08:10:37.987 [info] > git for-each-ref --format=%(refname)%00%(upstream:short)%00%(objectname)%00%(upstream:track)%00%(upstream:remotename)%00%(upstream:remoteref) refs/heads/master refs/remotes/master [1ms]
2022-11-14 08:10:37.995 [info] > git status -z -uall [28ms]
2022-11-14 08:10:43.317 [info] > git remote --verbose [11ms]
2022-11-14 08:10:43.317 [info] > git for-each-ref --sort -committerdate --format %(refname) %(objectname) %(*objectname) [18ms]
2022-11-14 08:10:43.318 [info] > git config --get commit.template [3ms]
2022-11-14 08:10:43.324 [info] > git for-each-ref --format=%(refname)%00%(upstream:short)%00%(objectname)%00%(upstream:track)%00%(upstream:remotename)%00%(upstream:remoteref) refs/heads/master refs/remotes/master [1ms]
2022-11-14 08:10:43.338 [info] > git status -z -uall [28ms]
2022-11-14 08:10:48.390 [info] > git remote --verbose [14ms]
2022-11-14 08:10:48.391 [info] > git for-each-ref --sort -committerdate --format %(refname) %(objectname) %(*objectname) [22ms]
2022-11-14 08:10:48.392 [info] > git config --get commit.template [2ms]
2022-11-14 08:10:48.400 [info] > git for-each-ref --format=%(refname)%00%(upstream:short)%00%(objectname)%00%(upstream:track)%00%(upstream:remotename)%00%(upstream:remoteref) refs/heads/master refs/remotes/master [1ms]
2022-11-14 08:10:48.409 [info] > git status -z -uall [27ms]
2022-11-14 08:10:53.464 [info] > git remote --verbose [16ms]
2022-11-14 08:10:53.464 [info] > git for-each-ref --sort -committerdate --format %(refname) %(objectname) %(*objectname) [24ms]
2022-11-14 08:10:53.465 [info] > git config --get commit.template [3ms]
2022-11-14 08:10:53.472 [info] > git for-each-ref --format=%(refname)%00%(upstream:short)%00%(objectname)%00%(upstream:track)%00%(upstream:remotename)%00%(upstream:remoteref) refs/heads/master refs/remotes/master [0ms]
2022-11-14 08:10:53.482 [info] > git status -z -uall [27ms]
2022-11-14 08:10:58.533 [info] > git remote --verbose [14ms]
2022-11-14 08:10:58.535 [info] > git for-each-ref --sort -committerdate --format %(refname) %(objectname) %(*objectname) [23ms]
2022-11-14 08:10:58.535 [info] > git config --get commit.template [3ms]
2022-11-14 08:10:58.544 [info] > git for-each-ref --format=%(refname)%00%(upstream:short)%00%(objectname)%00%(upstream:track)%00%(upstream:remotename)%00%(upstream:remoteref) refs/heads/master refs/remotes/master [1ms]
2022-11-14 08:10:58.555 [info] > git status -z -uall [28ms]
2022-11-14 08:11:03.601 [info] > git remote --verbose [13ms]
2022-11-14 08:11:03.601 [info] > git for-each-ref --sort -committerdate --format %(refname) %(objectname) %(*objectname) [19ms]
2022-11-14 08:11:03.602 [info] > git config --get commit.template [2ms]
2022-11-14 08:11:03.608 [info] > git for-each-ref --format=%(refname)%00%(upstream:short)%00%(objectname)%00%(upstream:track)%00%(upstream:remotename)%00%(upstream:remoteref) refs/heads/master refs/remotes/master [1ms]
2022-11-14 08:11:03.621 [info] > git status -z -uall [27ms]
2022-11-14 08:11:30.659 [info] > git remote --verbose [16ms]
2022-11-14 08:11:30.659 [info] > git for-each-ref --sort -committerdate --format %(refname) %(objectname) %(*objectname) [25ms]
2022-11-14 08:11:30.660 [info] > git config --get commit.template [2ms]
2022-11-14 08:11:30.680 [info] > git for-each-ref --format=%(refname)%00%(upstream:short)%00%(objectname)%00%(upstream:track)%00%(upstream:remotename)%00%(upstream:remoteref) refs/heads/master refs/remotes/master [12ms]
2022-11-14 08:11:30.686 [info] > git status -z -uall [36ms]
2022-11-14 08:11:35.740 [info] > git remote --verbose [10ms]
2022-11-14 08:11:35.740 [info] > git for-each-ref --sort -committerdate --format %(refname) %(objectname) %(*objectname) [17ms]
2022-11-14 08:11:35.741 [info] > git config --get commit.template [2ms]
2022-11-14 08:11:35.747 [info] > git for-each-ref --format=%(refname)%00%(upstream:short)%00%(objectname)%00%(upstream:track)%00%(upstream:remotename)%00%(upstream:remoteref) refs/heads/master refs/remotes/master [1ms]
2022-11-14 08:11:35.763 [info] > git status -z -uall [29ms]
2022-11-14 08:11:38.778 [info] > git ls-files --stage -- /opt/ml/nohup.out [1ms]
2022-11-14 08:11:38.795 [info] > git show --textconv :nohup.out [1ms]
2022-11-14 08:11:40.820 [info] > git remote --verbose [13ms]
2022-11-14 08:11:40.820 [info] > git for-each-ref --sort -committerdate --format %(refname) %(objectname) %(*objectname) [20ms]
2022-11-14 08:11:40.821 [info] > git config --get commit.template [2ms]
2022-11-14 08:11:40.829 [info] > git for-each-ref --format=%(refname)%00%(upstream:short)%00%(objectname)%00%(upstream:track)%00%(upstream:remotename)%00%(upstream:remoteref) refs/heads/master refs/remotes/master [0ms]
2022-11-14 08:11:40.839 [info] > git status -z -uall [27ms]
2022-11-14 08:11:45.889 [info] > git remote --verbose [12ms]
2022-11-14 08:11:45.889 [info] > git for-each-ref --sort -committerdate --format %(refname) %(objectname) %(*objectname) [18ms]
2022-11-14 08:11:45.890 [info] > git config --get commit.template [2ms]
2022-11-14 08:11:45.898 [info] > git for-each-ref --format=%(refname)%00%(upstream:short)%00%(objectname)%00%(upstream:track)%00%(upstream:remotename)%00%(upstream:remoteref) refs/heads/master refs/remotes/master [1ms]
2022-11-14 08:11:45.908 [info] > git status -z -uall [27ms]
2022-11-14 08:11:47.361 [info] > git ls-files --stage -- /opt/ml/nohup.out [1ms]
2022-11-14 08:11:47.378 [info] > git show --textconv :nohup.out [1ms]
2022-11-14 08:11:50.955 [info] > git remote --verbose [14ms]
2022-11-14 08:11:50.956 [info] > git for-each-ref --sort -committerdate --format %(refname) %(objectname) %(*objectname) [22ms]
2022-11-14 08:11:50.957 [info] > git config --get commit.template [3ms]
2022-11-14 08:11:50.966 [info] > git for-each-ref --format=%(refname)%00%(upstream:short)%00%(objectname)%00%(upstream:track)%00%(upstream:remotename)%00%(upstream:remoteref) refs/heads/master refs/remotes/master [1ms]
2022-11-14 08:11:50.974 [info] > git status -z -uall [28ms]
2022-11-14 08:11:55.315 [info] > git ls-files --stage -- /opt/ml/nohup.out [1ms]
2022-11-14 08:11:55.330 [info] > git show --textconv :nohup.out [1ms]
2022-11-14 08:11:56.025 [info] > git remote --verbose [15ms]
2022-11-14 08:11:56.025 [info] > git for-each-ref --sort -committerdate --format %(refname) %(objectname) %(*objectname) [23ms]
2022-11-14 08:11:56.026 [info] > git config --get commit.template [2ms]
2022-11-14 08:11:56.033 [info] > git for-each-ref --format=%(refname)%00%(upstream:short)%00%(objectname)%00%(upstream:track)%00%(upstream:remotename)%00%(upstream:remoteref) refs/heads/master refs/remotes/master [1ms]
2022-11-14 08:11:56.044 [info] > git status -z -uall [28ms]
2022-11-14 08:12:01.093 [info] > git remote --verbose [13ms]
2022-11-14 08:12:01.094 [info] > git for-each-ref --sort -committerdate --format %(refname) %(objectname) %(*objectname) [20ms]
2022-11-14 08:12:01.095 [info] > git config --get commit.template [3ms]
2022-11-14 08:12:01.102 [info] > git for-each-ref --format=%(refname)%00%(upstream:short)%00%(objectname)%00%(upstream:track)%00%(upstream:remotename)%00%(upstream:remoteref) refs/heads/master refs/remotes/master [1ms]
2022-11-14 08:12:01.114 [info] > git status -z -uall [28ms]
2022-11-14 08:12:06.162 [info] > git remote --verbose [13ms]
2022-11-14 08:12:06.162 [info] > git for-each-ref --sort -committerdate --format %(refname) %(objectname) %(*objectname) [20ms]
2022-11-14 08:12:06.163 [info] > git config --get commit.template [2ms]
2022-11-14 08:12:06.171 [info] > git for-each-ref --format=%(refname)%00%(upstream:short)%00%(objectname)%00%(upstream:track)%00%(upstream:remotename)%00%(upstream:remoteref) refs/heads/main refs/remotes/main [1ms]
2022-11-14 08:12:06.182 [info] > git status -z -uall [27ms]
2022-11-14 08:12:06.692 [info] > git ls-files --stage -- /opt/ml/nohup.out [1ms]
2022-11-14 08:12:06.710 [info] > git show --textconv :nohup.out [1ms]
2022-11-14 08:12:12.611 [info] > git remote --verbose [21ms]
2022-11-14 08:12:12.612 [info] > git for-each-ref --sort -committerdate --format %(refname) %(objectname) %(*objectname) [31ms]
2022-11-14 08:12:12.612 [info] > git config --get commit.template [2ms]
2022-11-14 08:12:12.623 [info] > git for-each-ref --format=%(refname)%00%(upstream:short)%00%(objectname)%00%(upstream:track)%00%(upstream:remotename)%00%(upstream:remoteref) refs/heads/main refs/remotes/main [1ms]
2022-11-14 08:12:12.627 [info] > git status -z -uall [27ms]
2022-11-14 08:12:18.514 [info] > git remote --verbose [21ms]
2022-11-14 08:12:18.515 [info] > git for-each-ref --sort -committerdate --format %(refname) %(objectname) %(*objectname) [32ms]
2022-11-14 08:12:18.515 [info] > git config --get commit.template [2ms]
2022-11-14 08:12:18.527 [info] > git for-each-ref --format=%(refname)%00%(upstream:short)%00%(objectname)%00%(upstream:track)%00%(upstream:remotename)%00%(upstream:remoteref) refs/heads/main refs/remotes/main [1ms]
2022-11-14 08:12:18.530 [info] > git status -z -uall [27ms]
2022-11-14 08:12:21.794 [info] > git ls-files --stage -- /opt/ml/nohup.out [1ms]
2022-11-14 08:12:21.814 [info] > git show --textconv :nohup.out [1ms]
2022-11-14 08:12:35.335 [info] > git remote --verbose [16ms]
2022-11-14 08:12:35.336 [info] > git for-each-ref --sort -committerdate --format %(refname) %(objectname) %(*objectname) [25ms]
2022-11-14 08:12:35.336 [info] > git config --get commit.template [2ms]
2022-11-14 08:12:35.348 [info] > git for-each-ref --format=%(refname)%00%(upstream:short)%00%(objectname)%00%(upstream:track)%00%(upstream:remotename)%00%(upstream:remoteref) refs/heads/main refs/remotes/main [1ms]
2022-11-14 08:12:35.351 [info] > git status -z -uall [26ms]
2022-11-14 08:12:40.405 [info] > git remote --verbose [13ms]
2022-11-14 08:12:40.406 [info] > git for-each-ref --sort -committerdate --format %(refname) %(objectname) %(*objectname) [22ms]
2022-11-14 08:12:40.407 [info] > git config --get commit.template [3ms]
2022-11-14 08:12:40.417 [info] > git for-each-ref --format=%(refname)%00%(upstream:short)%00%(objectname)%00%(upstream:track)%00%(upstream:remotename)%00%(upstream:remoteref) refs/heads/main refs/remotes/main [1ms]
2022-11-14 08:12:40.425 [info] > git status -z -uall [28ms]
2022-11-14 08:12:45.495 [info] > git remote --verbose [20ms]
2022-11-14 08:12:45.496 [info] > git for-each-ref --sort -committerdate --format %(refname) %(objectname) %(*objectname) [30ms]
2022-11-14 08:12:45.497 [info] > git config --get commit.template [2ms]
2022-11-14 08:12:45.507 [info] > git for-each-ref --format=%(refname)%00%(upstream:short)%00%(objectname)%00%(upstream:track)%00%(upstream:remotename)%00%(upstream:remoteref) refs/heads/main refs/remotes/main [1ms]
2022-11-14 08:12:45.510 [info] > git status -z -uall [27ms]
2022-11-14 08:12:50.578 [info] > git remote --verbose [31ms]
2022-11-14 08:12:50.581 [info] > git for-each-ref --sort -committerdate --format %(refname) %(objectname) %(*objectname) [42ms]
2022-11-14 08:12:50.591 [info] > git config --get commit.template [27ms]
2022-11-14 08:12:50.601 [info] > git status -z -uall [45ms]
2022-11-14 08:12:50.608 [info] > git for-each-ref --format=%(refname)%00%(upstream:short)%00%(objectname)%00%(upstream:track)%00%(upstream:remotename)%00%(upstream:remoteref) refs/heads/main refs/remotes/main [7ms]
2022-11-14 08:12:55.652 [info] > git remote --verbose [12ms]
2022-11-14 08:12:55.652 [info] > git for-each-ref --sort -committerdate --format %(refname) %(objectname) %(*objectname) [19ms]
2022-11-14 08:12:55.653 [info] > git config --get commit.template [3ms]
2022-11-14 08:12:55.659 [info] > git for-each-ref --format=%(refname)%00%(upstream:short)%00%(objectname)%00%(upstream:track)%00%(upstream:remotename)%00%(upstream:remoteref) refs/heads/main refs/remotes/main [1ms]
2022-11-14 08:12:55.672 [info] > git status -z -uall [27ms]
2022-11-14 08:12:57.320 [info] > git ls-files --stage -- /opt/ml/nohup.out [1ms]
2022-11-14 08:12:57.348 [info] > git show --textconv :nohup.out [9ms]
2022-11-14 08:13:00.720 [info] > git remote --verbose [12ms]
2022-11-14 08:13:00.720 [info] > git for-each-ref --sort -committerdate --format %(refname) %(objectname) %(*objectname) [19ms]
2022-11-14 08:13:00.722 [info] > git config --get commit.template [3ms]
2022-11-14 08:13:00.729 [info] > git for-each-ref --format=%(refname)%00%(upstream:short)%00%(objectname)%00%(upstream:track)%00%(upstream:remotename)%00%(upstream:remoteref) refs/heads/main refs/remotes/main [1ms]
2022-11-14 08:13:00.740 [info] > git status -z -uall [27ms]
